2026-02-08 22:10:11,566 - INFO - >>> INICIANDO CREACIËN DE ESQUEMAS <<<
2026-02-08 22:10:11,679 - INFO - Forzando eliminaci¾n de esquemas antiguos...
2026-02-08 22:10:11,685 - INFO - Exec: V4__referencial_schema_redesign.sql...
2026-02-08 22:10:11,850 - ERROR - \u274c Error en V4__referencial_schema_redesign.sql: (psycopg2.errors.UndefinedTable) relation "stage.tbl_pozo_maestra" does not exist
LINE 148:     SELECT well_id as pozo_id FROM stage.tbl_pozo_maestra
                                             ^

[SQL: /*
--------------------------------------------------------------------------------
-- ESQUEMA REFERENCIAL V4 (MASTER STANDARD & INTEGRADO)
-- DESCRIPCIËN: Configuraci¾n centralizada de Reglas, LÝmites y Estßndares Visuales.
-- INCLUYE: 
--   1. Tablas Dimensionales (Unidades, Estados, Paneles)
--   2. Maestra de Variables (Alineada a Reporting V4)
--   3. Mapa SCADA (Integraci¾n Stage - Anterior referencial_master.sql)
--   4. Reglas de Negocio (LÝmites Pozo, DQ, Consistencia)
--   5. Funciones Utilitarias (Motores de Cßlculo Semßforo)
--------------------------------------------------------------------------------
*/

-- 1. GESTIËN DE ESQUEMA (Reset Limpio)
DROP SCHEMA IF EXISTS referencial CASCADE;
CREATE SCHEMA referencial;

-- =============================================================================
-- 2. TABLAS DIMENSIONALES (CAT┴LOGOS)
-- =============================================================================

-- 2.1 Unidades de Medida
CREATE TABLE referencial.tbl_ref_unidades (
    unidad_id SERIAL PRIMARY KEY,
    simbolo VARCHAR(20) NOT NULL UNIQUE, -- ej. 'psi', 'bbl/d'
    descripcion VARCHAR(100)
);

-- 2.2 Estados Operativos (EL CORAZËN DEL SEM┴FORO)
-- Define los colores y severidades para toda la empresa.
CREATE TABLE referencial.tbl_ref_estados_operativos (
    estado_id SERIAL PRIMARY KEY,
    codigo_estado VARCHAR(20) UNIQUE NOT NULL, -- 'NORMAL', 'CRITICAL', 'WARNING'
    color_hex VARCHAR(7) NOT NULL,             -- '#FF0000', '#00FF00'
    descripcion VARCHAR(100),
    nivel_severidad INT DEFAULT 0,             -- 0=Ok, 1=Warn, 3=Critico (Para KPIs de fallo)
    icono_web VARCHAR(50),                     -- 'fa-check', 'fa-exclamation' (Para Frontend)
    prioridad_visual INT                       -- Para ordenar en leyendas (5=Normal, 1=Critico)
);

-- 2.3 Paneles BI
CREATE TABLE referencial.tbl_ref_paneles_bi (
    panel_id SERIAL PRIMARY KEY,
    nombre_panel VARCHAR(100) UNIQUE, 
    descripcion TEXT
);

-- 2.4 Maestra de Variables
CREATE TABLE referencial.tbl_maestra_variables (
    variable_id SERIAL PRIMARY KEY,
    id_formato1 INTEGER,          -- ID legado del Excel/CSV (Permite duplicados seg·n lista usuario)
    nombre_tecnico VARCHAR(100) NOT NULL UNIQUE, -- Clave para b·squedas (ej. 'well_head_pressure_psi_act')
    tabla_origen VARCHAR(50),            -- 'stage.tbl_pozo_produccion'
    clasificacion_logica VARCHAR(50),    -- 'SENSOR', 'CALCULADO', 'KPI'
    volatilidad VARCHAR(20),             -- 'ALTA', 'BAJA'
    unidad_id INTEGER REFERENCES referencial.tbl_ref_unidades(unidad_id),
    
    -- Metadatos para Dashboard (Alineado a hoja_validacion.csv)
    panel_id INTEGER REFERENCES referencial.tbl_ref_paneles_bi(panel_id),
    ident_dashboard_element VARCHAR(50) -- N·mero o identificador del elemento en el panel
);

-- 2.5 Mapa SCADA \u2192 Formato1 \u2192 Stage (Integrado desde referencial_master.sql)
CREATE TABLE referencial.tbl_var_scada_map (
    var_id_scada INT PRIMARY KEY,
    id_formato1 INT NOT NULL,
    columna_stage VARCHAR(100) NOT NULL, -- Alineado con nombre_tecnico idealmente
    comentario TEXT
);

-- =============================================================================
-- 3. REGLAS DE NEGOCIO Y CONFIGURACIËN DIN┴MICA
-- =============================================================================

-- 3.1 LÝmites y Targets por Pozo (Configuraci¾n de Alarmas)
CREATE TABLE referencial.tbl_limites_pozo (
    limite_id SERIAL PRIMARY KEY,
    pozo_id INT NOT NULL, -- Referencia l¾gica a reporting.dim_pozo (INT, no FK dura para evitar ciclos)
    variable_id INT NOT NULL REFERENCES referencial.tbl_maestra_variables(variable_id),
    
    -- Metas y Referencias
    target_value DECIMAL(12,4),   -- Valor ideal (Target)
    baseline_value DECIMAL(12,4), -- Valor base hist¾rico
    tolerancia_variacion_pct DECIMAL(5,2) DEFAULT 10.0, -- %% permitido antes de alertar
    
    -- Umbrales para Semßforo (Rojo/Amarillo/Verde)
    min_critical DECIMAL(12,4),
    min_warning DECIMAL(12,4),
    max_warning DECIMAL(12,4),
    max_critical DECIMAL(12,4),
    
    -- Configuraci¾n IA
    ai_confidence_threshold DECIMAL(5,2) DEFAULT 95.0,
    
    fecha_vigencia_inicio DATE DEFAULT CURRENT_DATE,
    activo BOOLEAN DEFAULT TRUE,
    
    UNIQUE(pozo_id, variable_id)
);

-- 3.2 Reglas de Calidad de Datos (DQ)
CREATE TABLE referencial.tbl_dq_rules (
    regla_id SERIAL PRIMARY KEY,
    variable_id INTEGER REFERENCES referencial.tbl_maestra_variables(variable_id),
    valor_min DECIMAL(12, 4),
    valor_max DECIMAL(12, 4),
    latencia_max_segundos INTEGER DEFAULT 300,
    severidad VARCHAR(20) DEFAULT 'WARNING',
    origen_regla VARCHAR(100) DEFAULT 'Excel Matriz Calidad'
);

-- 3.3 Reglas de Consistencia (FÝsica)
CREATE TABLE referencial.tbl_reglas_consistencia (
    codigo_rc VARCHAR(20) PRIMARY KEY,
    descripcion TEXT,
    criterio_texto TEXT,
    variable_a_id INTEGER REFERENCES referencial.tbl_maestra_variables(variable_id),
    operador VARCHAR(5),
    variable_b_id INTEGER REFERENCES referencial.tbl_maestra_variables(variable_id)
);

-- =============================================================================
-- 4. VISTAS Y UTILIDADES INTEGRADOS
-- =============================================================================

-- 4.1 Vista Unificada de Variables (Integrada desde referencial_master.sql)
CREATE OR REPLACE VIEW referencial.vw_variables_scada_stage AS
SELECT
    mv.variable_id,
    mv.id_formato1,
    mv.nombre_tecnico,
    mv.tabla_origen,
    mv.clasificacion_logica,
    mv.volatilidad,
    u.simbolo AS unidad,
    vsm.var_id_scada,
    vsm.columna_stage,
    vsm.comentario
FROM referencial.tbl_maestra_variables mv
LEFT JOIN referencial.tbl_var_scada_map vsm
       ON vsm.id_formato1 = mv.id_formato1
LEFT JOIN referencial.tbl_ref_unidades u
       ON u.unidad_id = mv.unidad_id;

-- 4.2 VISTA PIVOTEADA DE L═MITES (V4) - [MOVIDA DESDE V6 PARA DISPONIBILIDAD INMEDIATA]
CREATE OR REPLACE VIEW referencial.vw_limites_pozo_pivot_v4 AS
WITH DistinctWells AS (
    SELECT well_id as pozo_id FROM stage.tbl_pozo_maestra
    UNION
    SELECT DISTINCT pozo_id FROM referencial.tbl_limites_pozo
),
VariablesToPivot AS (
    SELECT variable_id, id_formato1 FROM referencial.tbl_maestra_variables 
    WHERE id_formato1 IN (54, 55, 127, 48)
)
SELECT 
    dw.pozo_id,
    -- WHP (ID: 54)
    MAX(CASE WHEN v.id_formato1 = 54 THEN COALESCE(l_spec.min_critical, l_def.min_critical) END) as whp_min_crit,
    MAX(CASE WHEN v.id_formato1 = 54 THEN COALESCE(l_spec.min_warning, l_def.min_warning) END) as whp_min_warn,
    MAX(CASE WHEN v.id_formato1 = 54 THEN COALESCE(l_spec.max_warning, l_def.max_warning) END) as whp_max_warn,
    MAX(CASE WHEN v.id_formato1 = 54 THEN COALESCE(l_spec.max_critical, l_def.max_critical) END) as whp_max_crit,
    -- CASING (ID: 55)
    MAX(CASE WHEN v.id_formato1 = 55 THEN COALESCE(l_spec.max_warning, l_def.max_warning) END) as casing_max_warn,
    -- SPM (ID: 127) - Target and Tolerance
    MAX(CASE WHEN v.id_formato1 = 127 THEN COALESCE(l_spec.target_value, l_def.target_value) END) as spm_target,
    MAX(CASE WHEN v.id_formato1 = 127 THEN COALESCE(l_spec.tolerancia_variacion_pct, l_def.tolerancia_variacion_pct) END) as spm_tol,
    -- FILL (ID: 48) - Min Critical and Target
    MAX(CASE WHEN v.id_formato1 = 48 THEN COALESCE(l_spec.min_critical, l_def.min_critical) END) as fill_min_crit,
    MAX(CASE WHEN v.id_formato1 = 48 THEN COALESCE(l_spec.target_value, l_def.target_value) END) as fill_target_val
FROM DistinctWells dw
CROSS JOIN VariablesToPivot v
LEFT JOIN referencial.tbl_limites_pozo l_spec 
    ON l_spec.variable_id = v.variable_id AND l_spec.pozo_id = dw.pozo_id
LEFT JOIN referencial.tbl_limites_pozo l_def 
    ON l_def.variable_id = v.variable_id AND l_def.pozo_id = 1 -- Fallback to Template
GROUP BY dw.pozo_id;

-- =============================================================================
-- 5. MOTOR LËGICO BASE (FUNCIONES DE ESTANDARIZACIËN)
-- Nota: Funciones complejas como fnc_evaluar_universal pueden residir aquÝ o en SPs
-- Se mantienen las funciones base de V3 por compatibilidad si se requieren
-- =============================================================================

/*
--------------------------------------------------------------------------------
-- FUNCIËN: fnc_evaluar_kpi
-- DESCRIPCIËN: Recibe un valor y sus lÝmites, devuelve el objeto de estado completo.
--------------------------------------------------------------------------------
*/
CREATE OR REPLACE FUNCTION referencial.fnc_evaluar_kpi(
    p_valor DECIMAL,
    p_min_crit DECIMAL,
    p_min_warn DECIMAL,
    p_max_warn DECIMAL,
    p_max_crit DECIMAL
)
RETURNS TABLE (
    codigo_estado VARCHAR,
    color_hex VARCHAR,
    nivel_severidad INT
) 
LANGUAGE plpgsql STABLE
AS $$
DECLARE
    v_estado_key VARCHAR;
BEGIN
    -- 1. Manejo de Nulos
    IF p_valor IS NULL THEN
        v_estado_key := 'UNKNOWN';
    
    -- 2. Evaluaci¾n de Rangos (L¾gica de Negocio Centralizada)
    ELSIF (p_max_crit IS NOT NULL AND p_valor >= p_max_crit) OR 
          (p_min_crit IS NOT NULL AND p_valor <= p_min_crit) THEN
        v_estado_key := 'CRITICAL';
        
    ELSIF (p_max_warn IS NOT NULL AND p_valor >= p_max_warn) OR 
          (p_min_warn IS NOT NULL AND p_valor <= p_min_warn) THEN
        v_estado_key := 'WARNING';
        
    ELSE
        v_estado_key := 'NORMAL';
    END IF;

    -- 3. Retornar propiedades
    RETURN QUERY
    SELECT eo.codigo_estado, eo.color_hex, eo.nivel_severidad
    FROM referencial.tbl_ref_estados_operativos eo
    WHERE eo.codigo_estado = v_estado_key;
END;
$$;

/*
--------------------------------------------------------------------------------
-- FUNCIËN: fnc_evaluar_variacion
-- DESCRIPCIËN: Calcula %% de variaci¾n y determina si es crÝtico seg·n tolerancia.
--------------------------------------------------------------------------------
*/
CREATE OR REPLACE FUNCTION referencial.fnc_evaluar_variacion(
    p_valor_actual DECIMAL,
    p_valor_target DECIMAL,
    p_tolerancia_pct DECIMAL
)
RETURNS TABLE (
    variacion_pct DECIMAL,
    color_variacion VARCHAR,
    es_desviacion_critica BOOLEAN
)
LANGUAGE plpgsql STABLE
AS $$
DECLARE
    v_var_pct DECIMAL;
    v_estado_key VARCHAR;
BEGIN
    -- Evitar divisi¾n por cero
    IF p_valor_target IS NULL OR p_valor_target = 0 THEN
        RETURN QUERY SELECT 0.0::DECIMAL, '#B0B0B0'::VARCHAR, FALSE;
        RETURN;
    END IF;

    -- Calcular variaci¾n
    v_var_pct := ((p_valor_actual - p_valor_target) / p_valor_target) * 100.0;

    -- Evaluar contra tolerancia
    IF ABS(v_var_pct) > COALESCE(p_tolerancia_pct, 10.0) THEN
        v_estado_key := 'CRITICAL';
    ELSE
        v_estado_key := 'NORMAL';
    END IF;

    RETURN QUERY
    SELECT 
        ROUND(v_var_pct, 2),
        (SELECT color_hex FROM referencial.tbl_ref_estados_operativos WHERE codigo_estado = v_estado_key),
        (v_estado_key = 'CRITICAL');
END;
$$;

-- =============================================================================
-- 6. LËGICA UNIVERSAL ZERO-CALC (Migrado de V6)
-- =============================================================================

-- 6.1 Tipo de Respuesta Estandarizada
DO $$ BEGIN
    CREATE TYPE referencial.ty_evaluacion_result AS (
        codigo_estado VARCHAR(20),      -- 'NORMAL', 'WARNING', 'CRITICAL'
        color_hex VARCHAR(7),           -- '#00C851', '#FFBB33', '#FF4444'
        nivel_severidad INT,            -- 0, 1, 3
        variacion_pct DECIMAL(10,2),    -- +15.5%%
        es_parametro_critico BOOLEAN,   -- TRUE si fall¾ un lÝmite CRITICAL
        mensaje_diagnostico TEXT,       -- 'Alta Presi¾n > 500'
        target_value DECIMAL(12,4)      -- El valor contra el que se compar¾
    );
EXCEPTION
    WHEN duplicate_object THEN null;
END $$;

-- 6.2 Funci¾n de Evaluaci¾n Universal (Zero-Calc Core)
CREATE OR REPLACE FUNCTION referencial.fnc_evaluar_universal(
    p_valor_actual DECIMAL,
    -- Rango Absoluto (KPI)
    p_min_crit DECIMAL DEFAULT NULL,
    p_min_warn DECIMAL DEFAULT NULL,
    p_max_warn DECIMAL DEFAULT NULL,
    p_max_crit DECIMAL DEFAULT NULL,
    -- Variaci¾n Relativa (Target)
    p_target DECIMAL DEFAULT NULL,
    p_tolerancia_pct DECIMAL DEFAULT NULL
)
RETURNS referencial.ty_evaluacion_result
LANGUAGE plpgsql IMMUTABLE AS $$
DECLARE
    v_res referencial.ty_evaluacion_result;
    v_estado_key VARCHAR := 'NORMAL';
BEGIN
    -- Inicializar valores
    v_res.codigo_estado := 'NORMAL';
    v_res.color_hex := '#00C851'; -- Green default
    v_res.nivel_severidad := 0;
    v_res.variacion_pct := 0;
    v_res.es_parametro_critico := FALSE;
    v_res.target_value := p_target;

    -- Si valor es NULL, retornar UNKNOWN
    IF p_valor_actual IS NULL THEN
        v_res.codigo_estado := 'UNKNOWN';
        v_res.color_hex := '#B0B0B0'; -- Grey
        RETURN v_res;
    END IF;

    -- A. EVALUACIËN POR RANGOS ABSOLUTOS
    IF p_max_crit IS NOT NULL AND p_valor_actual >= p_max_crit THEN
        v_estado_key := 'CRITICAL';
        v_res.mensaje_diagnostico := 'Sobrepasa Mßximo CrÝtico';
    ELSIF p_min_crit IS NOT NULL AND p_valor_actual <= p_min_crit THEN
        v_estado_key := 'CRITICAL';
        v_res.mensaje_diagnostico := 'Debajo MÝnimo CrÝtico';
    ELSIF p_max_warn IS NOT NULL AND p_valor_actual >= p_max_warn THEN
        v_estado_key := 'WARNING';
        v_res.mensaje_diagnostico := 'Sobrepasa Mßximo Advertencia';
    ELSIF p_min_warn IS NOT NULL AND p_valor_actual <= p_min_warn THEN
        v_estado_key := 'WARNING';
         v_res.mensaje_diagnostico := 'Debajo MÝnimo Advertencia';
    END IF;

    -- B. EVALUACIËN POR VARIACIËN (Si no fall¾ por rangos crÝticos)
    IF v_estado_key != 'CRITICAL' AND p_target IS NOT NULL AND p_target <> 0 THEN
        v_res.variacion_pct := ((p_valor_actual - p_target) / p_target) * 100.0;
        
        IF ABS(v_res.variacion_pct) > COALESCE(p_tolerancia_pct, 10.0) THEN
            -- Solo marcar como warning si es variaci¾n (discutible, puede ser crÝtico)
            -- Asumimos WARNING para variaciones salvo config contraria
            IF v_estado_key = 'NORMAL' THEN 
                v_estado_key := 'WARNING';
                v_res.mensaje_diagnostico := 'Desviaci¾n de Target > ' || p_tolerancia_pct || '%%';
            END IF;
        END IF;
    END IF;

    -- C. ASIGNAR RESULTADOS FINALES
    v_res.codigo_estado := v_estado_key;
    IF v_estado_key = 'CRITICAL' THEN
        v_res.color_hex := '#FF4444';
        v_res.nivel_severidad := 3;
        v_res.es_parametro_critico := TRUE;
    ELSIF v_estado_key = 'WARNING' THEN
        v_res.color_hex := '#FFBB33';
        v_res.nivel_severidad := 1;
    ELSE
        v_res.color_hex := '#00C851';
        v_res.nivel_severidad := 0;
    END IF;

    RETURN v_res;
END;
$$;
]
(Background on this error at: https://sqlalche.me/e/20/f405)
