2026-02-08 22:18:31,240 - INFO - >>> INICIANDO CREACIËN DE ESQUEMAS <<<
2026-02-08 22:18:31,266 - INFO - Forzando eliminaci¾n de esquemas antiguos...
2026-02-08 22:18:31,295 - INFO - Exec: V4__stage_schema_redesign.sql...
2026-02-08 22:18:31,355 - INFO - \u2705 V4__stage_schema_redesign.sql completado.
2026-02-08 22:18:31,356 - INFO - Exec: V4__referencial_schema_redesign.sql...
2026-02-08 22:18:31,466 - INFO - \u2705 V4__referencial_schema_redesign.sql completado.
2026-02-08 22:18:31,466 - INFO - Exec: V1__universal_schema.sql...
2026-02-08 22:18:31,495 - INFO - \u2705 V1__universal_schema.sql completado.
2026-02-08 22:18:31,495 - INFO - Exec: V4__reporting_schema_redesign.sql...
2026-02-08 22:18:31,622 - INFO - \u2705 V4__reporting_schema_redesign.sql completado.
2026-02-08 22:18:31,622 - INFO - Exec: V6.1__historical_reporting_engine_v4.sql...
2026-02-08 22:18:31,680 - INFO - \u2705 V6.1__historical_reporting_engine_v4.sql completado.
2026-02-08 22:18:31,680 - INFO - Exec: V6.2__dq_engine_v4.sql...
2026-02-08 22:18:31,685 - INFO - \u2705 V6.2__dq_engine_v4.sql completado.
2026-02-08 22:18:31,686 - INFO - Exec: V6.3__sync_dim_pozo_targets_v4.sql...
2026-02-08 22:18:31,687 - INFO - \u2705 V6.3__sync_dim_pozo_targets_v4.sql completado.
2026-02-08 22:18:31,687 - INFO - Exec: V6__stored_procedures_v4_compatible.sql...
2026-02-08 22:18:31,731 - INFO - \u2705 V6__stored_procedures_v4_compatible.sql completado.
2026-02-08 22:18:31,732 - INFO - Exec: V4__referencial_seed_data.sql...
2026-02-08 22:18:31,894 - INFO - \u2705 V4__referencial_seed_data.sql completado.
2026-02-08 22:18:31,897 - INFO - >>> BD INICIALIZADA CORRECTAMENTE <<<
