2026-02-19 18:43:44,322 - INFO - >>> INICIANDO CREACI├ôN DE ESQUEMAS <<<
2026-02-19 18:43:44,586 - INFO - Forzando eliminaci├│n de esquemas antiguos...
2026-02-19 18:43:44,786 - INFO - Exec: V4__stage_schema_redesign.sql...
2026-02-19 18:43:44,936 - INFO - Ô£à V4__stage_schema_redesign.sql completado.
2026-02-19 18:43:44,937 - INFO - Exec: V4__referencial_schema_redesign.sql...
2026-02-19 18:43:45,150 - INFO - Ô£à V4__referencial_schema_redesign.sql completado.
2026-02-19 18:43:45,151 - INFO - Exec: V1__universal_schema.sql...
2026-02-19 18:43:45,193 - INFO - Ô£à V1__universal_schema.sql completado.
2026-02-19 18:43:45,193 - INFO - Exec: V4__reporting_schema_redesign.sql...
2026-02-19 18:43:45,336 - INFO - Ô£à V4__reporting_schema_redesign.sql completado.
2026-02-19 18:43:45,336 - INFO - Exec: V6.1__historical_reporting_engine_v4.sql...
2026-02-19 18:43:45,387 - INFO - Ô£à V6.1__historical_reporting_engine_v4.sql completado.
2026-02-19 18:43:45,387 - INFO - Exec: V6.2__dq_engine_v4.sql...
2026-02-19 18:43:45,390 - INFO - Ô£à V6.2__dq_engine_v4.sql completado.
2026-02-19 18:43:45,390 - INFO - Exec: V6.3__sync_dim_pozo_targets_v4.sql...
2026-02-19 18:43:45,393 - INFO - Ô£à V6.3__sync_dim_pozo_targets_v4.sql completado.
2026-02-19 18:43:45,393 - INFO - Exec: V6__stored_procedures_v4_compatible.sql...
2026-02-19 18:43:45,434 - INFO - Ô£à V6__stored_procedures_v4_compatible.sql completado.
2026-02-19 18:43:45,447 - INFO - >>> BD INICIALIZADA CORRECTAMENTE <<<
>>> Carga Maestra de Variables (STRICT IDs) y Metadatos...
>>> Carga de Reglas DQ y RC...
>>> Carga de L├¡mites Operativos (Strict matching with Rangos)...
    L├¡mites cargados: 17
>>> Sincronizaci├│n de Mapa SCADA...
=== REFERENCIAL V4 (STRICT & INTEGRATED) CARGADO CORRECTAMENTE ===
2026-02-19 18:43:50,217 - INFO - ====================================================
2026-02-19 18:43:50,217 - INFO - >>> INGESTA H├ìBRIDA + LANDING SCADA (SQL)
2026-02-19 18:43:50,217 - INFO - ====================================================
2026-02-19 18:43:50,218 - INFO - ­ƒôé Ejecutando SQL: tbl_maestra_202602021632.sql
2026-02-19 18:43:50,272 - INFO - Ô£à OK: tbl_maestra_202602021632.sql
2026-02-19 18:43:50,272 - INFO - ­ƒôé Ejecutando SQL: tbl_pozo_produccion_202602021632.sql
2026-02-19 18:43:50,288 - INFO - Ô£à OK: tbl_pozo_produccion_202602021632.sql
2026-02-19 18:43:50,288 - INFO - ­ƒôÿ Ingestando RESERVAS desde Excel...
2026-02-19 18:43:51,045 - INFO - Ô£à Reservas insertadas correctamente desde Excel.
2026-02-19 18:43:51,046 - INFO - ­ƒôé Ejecutando SQL: landing_scada_data_202602021604.sql
2026-02-19 18:43:51,122 - INFO - Ô£à OK: landing_scada_data_202602021604.sql
2026-02-19 18:43:51,122 - INFO - >>> INGESTA COMPLETA <<<
============================================================
STARTING MASTER PIPELINE ORCHESTRATION
Python Executable: auditor\Scripts\python.exe
============================================================

>>> 1. Re-initializing Schemas (Full Reset)...
[OK] Init Schemas completed.

>>> 1.5 Loading Referencial Master (Variables, Rangos, Mapas SCADA)...
[OK] Referencial Master Loaded.

>>> 2. Ingesting Real Telemetry (SQL Dumps)...
[OK] Ingestion completed.

>>> 3. Loading Universal Logic Engine (V5)...
[SKIP] V5 Logic skipped (Covered by V6 in init_schemas).

>>> 3.1 Running Data Quality Engine (V5 DQ)...
[OK] Data Quality Validation completed.

>>> 3.5 Loading Reporting Engine V2...
[SKIP] Reporting Engine V2 skipped (Covered by V6.1 in init_schemas).

>>> 5. Running Reporting Load (Daily, Hourly, Monthly)...
[OK] History loaded.

>>> 5.5 Loading Business KPIs...
[OK] Business KPIs loaded.

>>> 6. Updating Snapshot (dataset_current_values)...
[OK] Snapshot updated (V4).

>>> 6.5 Applying Color & Target Logic...
[SKIP] Color Logic (Integrated in V4).

>>> 6.6 Syncing Dim Pozo Targets...
[OK] Dim Pozo Targets Synced.

>>> PIPELINE COMPLETED SUCCESSFULLY <<<
