2026-02-19 18:35:13,373 - INFO - >>> INICIANDO CREACI├ôN DE ESQUEMAS <<<
2026-02-19 18:35:13,605 - INFO - Forzando eliminaci├│n de esquemas antiguos...
2026-02-19 18:35:14,113 - INFO - Exec: V4__stage_schema_redesign.sql...
2026-02-19 18:35:14,373 - INFO - Ô£à V4__stage_schema_redesign.sql completado.
2026-02-19 18:35:14,374 - INFO - Exec: V4__referencial_schema_redesign.sql...
2026-02-19 18:35:14,677 - INFO - Ô£à V4__referencial_schema_redesign.sql completado.
2026-02-19 18:35:14,677 - INFO - Exec: V1__universal_schema.sql...
2026-02-19 18:35:14,741 - INFO - Ô£à V1__universal_schema.sql completado.
2026-02-19 18:35:14,741 - INFO - Exec: V4__reporting_schema_redesign.sql...
2026-02-19 18:35:14,954 - INFO - Ô£à V4__reporting_schema_redesign.sql completado.
2026-02-19 18:35:14,954 - INFO - Exec: V6.1__historical_reporting_engine_v4.sql...
2026-02-19 18:35:15,034 - INFO - Ô£à V6.1__historical_reporting_engine_v4.sql completado.
2026-02-19 18:35:15,034 - INFO - Exec: V6.2__dq_engine_v4.sql...
2026-02-19 18:35:15,081 - INFO - Ô£à V6.2__dq_engine_v4.sql completado.
2026-02-19 18:35:15,081 - INFO - Exec: V6.3__sync_dim_pozo_targets_v4.sql...
2026-02-19 18:35:15,084 - INFO - Ô£à V6.3__sync_dim_pozo_targets_v4.sql completado.
2026-02-19 18:35:15,084 - INFO - Exec: V6__stored_procedures_v4_compatible.sql...
2026-02-19 18:35:15,135 - INFO - Ô£à V6__stored_procedures_v4_compatible.sql completado.
2026-02-19 18:35:15,146 - INFO - >>> BD INICIALIZADA CORRECTAMENTE <<<
>>> Carga Maestra de Variables (STRICT IDs) y Metadatos...
>>> Carga de Reglas DQ y RC...
>>> Carga de L├¡mites Operativos (Strict matching with Rangos)...
    L├¡mites cargados: 17
>>> Sincronizaci├│n de Mapa SCADA...
=== REFERENCIAL V4 (STRICT & INTEGRATED) CARGADO CORRECTAMENTE ===
2026-02-19 18:35:20,063 - INFO - ====================================================
2026-02-19 18:35:20,063 - INFO - >>> INGESTA H├ìBRIDA + LANDING SCADA (SQL)
2026-02-19 18:35:20,063 - INFO - ====================================================
2026-02-19 18:35:20,065 - INFO - ­ƒôé Ejecutando SQL: tbl_maestra_202602021632.sql
2026-02-19 18:35:20,117 - ERROR - ÔØî Error ejecutando D:\ITMeet\Operaciones\API Hydrog manual\tbl_maestra_202602021632.sql: (psycopg2.errors.UndefinedColumn) column "longitud_carrera_nominal_unidad_in" of relation "tbl_pozo_maestra" does not exist
LINE 1: ...,profundidad_vertical_bomba,diametro_embolo_bomba,longitud_c...
                                                             ^

[SQL: INSERT INTO stage.tbl_pozo_maestra (well_id,nombre_pozo,cliente,pais,region,campo,api_number,coordenadas_pozo,tipo_pozo,profundidad_completacion,intervalo_disparos,radio_pozo,espesor_formacion,nombre_yacimiento,permeabilidad_abosluta,permeabilidad_horizontal,radio_drenaje,presion_inicial_yacimiento,temperatura_yacimiento,tipo_levantamiento,profundidad_vertical_yacimiento,profundidad_vertical_bomba,diametro_embolo_bomba,longitud_carrera_nominal_unidad_in,potencia_nominal_motor,corriente_nominal_motor,voltaje_nominal,frecuencia_nominal_motor,carga_nominal_unidad,carga_minima_nominal_sarta,num_software,peso_sarta_aire,carga_maxima_fluido_api,fecha_registro,fecha_creacion) VALUES
	 (5,'State Blanco 58 A003','SWORDFISH ENERGY','USA','PECOS VALLEY','PECOS','42-371-39760-01','Latitud: 31.22205 & Longitud: -102.98802','HORIZONTAL',14278.0,'9330'' - 14278''',4.67,860.0,'SIN INFO',50.0,50.0,700.0,6130.0,225.0,'Hydralift T4',10200.0,8491.0,2.0,360.0,125.0,150.0,460.0,60.0,40000.0,84184.0,'810021.368',20500.0,4250.0,'2026-02-02','2026-02-02 21:17:55.325');
]
(Background on this error at: https://sqlalche.me/e/20/f405)
2026-02-19 18:35:20,118 - INFO - ­ƒôé Ejecutando SQL: tbl_pozo_produccion_202602021632.sql
2026-02-19 18:35:20,123 - ERROR - ÔØî Error ejecutando D:\ITMeet\Operaciones\API Hydrog manual\tbl_pozo_produccion_202602021632.sql: (psycopg2.errors.UndefinedColumn) column "longitud_carrera_nominal_unidad_in" of relation "tbl_pozo_produccion" does not exist
LINE 1: ...perage,rpm_motor,estado_motor,tiempo_actual_drive,longitud_c...
                                                             ^

[SQL: INSERT INTO stage.tbl_pozo_produccion (well_id,timestamp_lectura,presion_cabezal,presion_casing,temperatura_cabezal,presion_descarga_bomba,pip,temperatura_tanque_aceite,presion_cilindro_hidraulico,produccion_fluido_diaria,produccion_petroleo_diaria,produccion_agua_diaria,produccion_gas_diaria,porcentaje_agua,monitor_llenado_gas,monitor_llenado_liquido,fuga_diaria,fluid_flow_monitor_bpd,medidor_produccion_fluido,produccion_petroleo_acumulada,medidor_produccion_agua,medidor_produccion_gas,spm_promedio,spm_solicitado_arriba,spm_solicitado_abajo,nivel_fluido_flop,pump_fill_monitor,potencia_actual_motor,current_amperage,rpm_motor,estado_motor,tiempo_actual_drive,longitud_carrera_nominal_unidad_in,carrera_bomba_api,rod_weight_buoyant,monitor_carga_bomba,maximum_rod_load,minimum_rod_load,carga_caja_engranajes,kwh_por_barril,eficiencia_levantamiento,porcentaje_operacion_diario,tiempo_parada_poc_diario,conteo_poc_diario,anchor_vertical_depth,inclinacion_vastago,inclinacion_cilindro_x,inclinacion_cilindro_y,alerta_inclinacion_grados,falla_inclinacion_grados,posicion_lineal,contador_emboladas,horas_operacion_acumuladas,tiempo_operacion_medidor_acum,energia_medidor_acumulada,emboladas_medidor_acumuladas,emboladas_diarias,llenado_promedio_diario,potencia_medidor_diaria,emboladas_arranque_poc,emboladas_espera_poc,conteo_poc_medidor_acum,tiempo_parada_poc_medidor_acum,spm_promedio_diario_medidor,surface_rod_position,surface_rod_load,downhole_pump_position,downhole_pump_load,nivel_fluido_dinamico) VALUES
	 (5,'2026-02-02 21:21:46.672',450,80,0,4137,731,100,0,91,18,73,0,80,0,51,1,NULL,5143,12,46,0,2.09999990463257,0,0,1500,59,11.5699996948242,3.1299991607666,0,true,15.1799964904785,360,249.974975585938,16383,11070,28451,14310,0,9.89999771118164,100,99.9299926757812,0,0,8491,NULL,0,0,15,25,103.264984130859,317744,252205,1518,5756,1930,3021,60,900.89990234375,3,5,0,0,2.09999990463257,'[1.9,4.6,4.6,8.4,12.6,16.8,16.8,21.5,25.8,25.8,30,34.3,34.3,38.6,43.3,47.5,47.5,51.8,56.1,56.1,60.8,65,65,69.3,73.6,77.8,77.8,82.5,86.8,86.8,91,95.3,95.3,99.6,104.3,108.5,108.5,112.8,117.1,117.1,121.8,126,126,130.3,134.6,138.8,138.8,143.5,147.8,147.8,152.1,156.3,156.3,161,165.3,169.6,169.6,173.8,178.1,178.1,182.8,187.1,187.1,191.3,195.6,199.9,199.9,204.5,208.8,208.8,213.1,217.3,217.3,222,226.3,230.6,230.6,234.8,239.1,239.1,243.8,248.1,248.1,252.3,256.6,261.3,261.3,265.6,269.8,269.8,274.1,278.4,278.4,283.1,287.3,291.6,291.6,295.9,299.6,299.6,299.9,300.2,300.2,300.4,290.2,285.5,285.5,281.3,277,277,272.7,268.5,268.5,263.8,259.5,255.2,255.2,251,246.3,246.3,242,237.7,237.7,233.5,229.2,224.5,224.5,220.2,216,216,211.7,207.4,207.4,202.7,198.5,194.2,194.2,189.9,185.2,185.2,181,176.7,176.7,172.4,168.2,163.5,163.5,159.2,155,155,150.6,145.9,145.9,141.6,137.3,133.1,133.1,128.8,124.1,124.1,119.8,115.6,115.6,111.3,107,102.3,102.3,98.1,93.8,93.8,89.5,84.8,84.8,80.6,76.3,72,72,67.8,63.1,63.1,58.8,54.6,54.6,50.3,46,41.3,41.3,37.1,32.8,32.8,28.5,23.8,23.8,19.6,15.3,11,11,6.8,2.6]','[16003,17623,17623,19802,20120,20031,20031,20251,21397,21397,23152,23955,23955,24004,24243,24788,24788,25662,26352,26352,27253,27914,27914,28275,28471,28356,28356,28410,28311,28311,27863,27596,27596,27527,27542,27563,27563,27633,27773,27773,28051,28049,28049,27965,27940,27899,27899,27798,27676,27676,27623,27713,27713,27751,27761,27821,27821,27871,27909,27909,27886,27804,27804,27818,27792,27750,27750,27744,27743,27743,27805,27800,27800,27813,27831,27843,27843,27839,27799,27799,27798,27787,27787,27782,27781,27782,27782,27802,27813,27813,27811,27812,27812,27818,27807,27806,27806,27796,27774,27774,27758,27734,27734,27698,23222,23316,23316,23544,24757,24757,26844,27700,27700,27177,26624,25899,25899,25127,24294,24294,23726,23420,23420,23695,24209,24414,24414,24408,24117,24117,23631,22890,22890,22090,21675,21518,21518,21438,21305,21305,21086,20613,20613,19930,19114,18470,18470,18091,17796,17796,17470,16992,16992,16267,15467,14762,14762,14332,14311,14311,14740,15382,15382,15967,16467,16723,16723,16660,16308,16308,15829,15343,15343,15046,14905,15010,15010,15273,15696,15696,15986,16206,16206,16272,16155,15882,15882,15618,15417,15417,15276,15315,15315,15347,15589,15782,15782,15917,16003]','[25.6,22.8,22.8,15.8,9,4.9,4.9,3.6,3.7,3.7,3.1,1.4,1.4,0.2,0.2,1.3,1.3,2.5,3.3,3.3,3.9,4.1,4.1,4.6,5.6,7.6,7.6,10.5,13.9,13.9,18.1,23,23,28.2,33.2,38.1,38.1,42.6,46.9,46.9,50.9,54.5,54.5,58.3,62.4,66.5,66.5,70.9,75.4,75.4,80,84.6,84.6,91.2,95.5,99.6,99.6,103.7,107.8,107.8,111.9,116.1,116.1,120.4,124.7,129.1,129.1,133.5,137.9,137.9,142.2,146.4,146.4,150.6,154.8,159,159,163.2,167.5,167.5,171.7,176,176,180.4,184.7,191.1,191.1,195.4,199.6,199.6,203.9,208.1,208.1,212.4,216.6,220.9,220.9,225.1,227.3,227.3,229.5,229.5,229.5,229.5,248.5,251.2,251.2,251.4,249.4,249.4,244.2,235.7,235.7,222.7,216.3,212,212,209.2,207.5,207.5,206.5,205.5,205.5,203.7,200.5,196.2,196.2,191.4,186.8,186.8,182.9,179.9,179.9,177.9,176.5,175,175,173,170.5,170.5,167.5,164.6,164.6,162,160.2,158.6,158.6,157.5,156.2,156.2,154.5,152.5,152.5,150.9,149.7,149,149,148.3,147.2,147.2,144.9,141,141,135.8,129.7,123.2,123.2,117,111.5,111.5,107,103.6,103.6,100.8,98.2,95.4,95.4,91.9,85.4,85.4,80.1,74.7,74.7,69.2,64.1,59.6,59.6,55.7,52.1,52.1,48.8,45.3,45.3,41.6,37.5,32.9,32.9,28.1,25.6]','[-264,-264,-264,-264,-264,110,110,1069,2543,2543,3176,3176,3176,3641,4825,6014,6014,7112,7890,7890,8629,9060,9060,9614,10094,10352,10352,10833,11032,11032,10913,10925,10925,10988,11005,10964,10964,10884,10865,10865,11067,10955,10955,10813,10934,10987,10987,11030,10978,10978,10963,11026,11026,10911,10945,10936,10936,10880,11026,11026,10936,10923,10923,10943,11003,10940,10940,10921,10960,10960,10999,10973,10973,10925,10987,11001,11001,10957,10958,10958,10910,10978,10978,10911,10898,10952,10952,10935,10931,10931,10876,10947,10947,10887,10954,10890,10890,10895,10906,10906,10906,10906,10906,10906,10894,10413,10413,9495,9333,9333,10146,10227,10227,9373,9609,9747,9747,9623,9382,9382,9073,8880,8880,8922,8944,8522,8522,8349,8080,8080,7901,7598,7598,7205,6983,6808,6808,6611,6205,6205,5862,5500,5500,4945,4495,3779,3779,3499,3197,3197,2609,2152,2152,1451,900,376,376,-41,-282,-282,-303,-257,-257,-354,-261,-130,-130,-96,-41,-41,-116,-135,-135,-187,-273,-318,-318,-235,-274,-274,-248,-241,-241,-193,-150,-224,-224,-234,-182,-182,-223,-199,-199,-299,-246,-194,-194,-176,-176]',6991);
]
(Background on this error at: https://sqlalche.me/e/20/f405)
2026-02-19 18:35:20,123 - INFO - ­ƒôÿ Ingestando RESERVAS desde Excel...
Traceback (most recent call last):
  File "D:\ITMeet\Operaciones\BP010-data-pipelines-auditoria\auditor\Lib\site-packages\sqlalchemy\engine\base.py", line 1967, in _exec_single_context
    self.dialect.do_execute(
  File "D:\ITMeet\Operaciones\BP010-data-pipelines-auditoria\auditor\Lib\site-packages\sqlalchemy\engine\default.py", line 952, in do_execute
    cursor.execute(statement, parameters)
psycopg2.errors.ForeignKeyViolation: insert or update on table "tbl_pozo_reservas" violates foreign key constraint "fk_pozo_reserva"
DETAIL:  Key (well_id)=(5) is not present in table "tbl_pozo_maestra".


The above exception was the direct cause of the following exception:

Traceback (most recent call last):
  File "D:\ITMeet\Operaciones\BP010-data-pipelines-auditoria\auditor\Lib\site-packages\pandas\io\sql.py", line 1679, in execute
    return execute_function(sql, *args)
           ^^^^^^^^^^^^^^^^^^^^^^^^^^^^
  File "D:\ITMeet\Operaciones\BP010-data-pipelines-auditoria\auditor\Lib\site-packages\sqlalchemy\engine\base.py", line 1419, in execute
    return meth(
           ^^^^^
  File "D:\ITMeet\Operaciones\BP010-data-pipelines-auditoria\auditor\Lib\site-packages\sqlalchemy\sql\elements.py", line 527, in _execute_on_connection
    return connection._execute_clauseelement(
           ^^^^^^^^^^^^^^^^^^^^^^^^^^^^^^^^^^
  File "D:\ITMeet\Operaciones\BP010-data-pipelines-auditoria\auditor\Lib\site-packages\sqlalchemy\engine\base.py", line 1641, in _execute_clauseelement
    ret = self._execute_context(
          ^^^^^^^^^^^^^^^^^^^^^^
  File "D:\ITMeet\Operaciones\BP010-data-pipelines-auditoria\auditor\Lib\site-packages\sqlalchemy\engine\base.py", line 1846, in _execute_context
    return self._exec_single_context(
           ^^^^^^^^^^^^^^^^^^^^^^^^^^
  File "D:\ITMeet\Operaciones\BP010-data-pipelines-auditoria\auditor\Lib\site-packages\sqlalchemy\engine\base.py", line 1986, in _exec_single_context
    self._handle_dbapi_exception(
  File "D:\ITMeet\Operaciones\BP010-data-pipelines-auditoria\auditor\Lib\site-packages\sqlalchemy\engine\base.py", line 2363, in _handle_dbapi_exception
    raise sqlalchemy_exception.with_traceback(exc_info[2]) from e
  File "D:\ITMeet\Operaciones\BP010-data-pipelines-auditoria\auditor\Lib\site-packages\sqlalchemy\engine\base.py", line 1967, in _exec_single_context
    self.dialect.do_execute(
  File "D:\ITMeet\Operaciones\BP010-data-pipelines-auditoria\auditor\Lib\site-packages\sqlalchemy\engine\default.py", line 952, in do_execute
    cursor.execute(statement, parameters)
sqlalchemy.exc.IntegrityError: (psycopg2.errors.ForeignKeyViolation) insert or update on table "tbl_pozo_reservas" violates foreign key constraint "fk_pozo_reserva"
DETAIL:  Key (well_id)=(5) is not present in table "tbl_pozo_maestra".

[SQL: INSERT INTO stage.tbl_pozo_reservas (well_id, gravedad_api, viscosidad_crudo, presion_burbujeo, presion_estatica_yacimiento, presion_fondo_fluyente_critico, viscosidad_superficie, factor_volumetrico, wc_critico, llenado_bomba_minimo, contenido_finos, gravedad_especifica_agua, q_esperado, radio_equivalente, longitud_horizontal, factor_dano, permeabilidad_vertical, reserva_inicial_teorica, fecha_registro) VALUES (%(well_id_m0)s, %(gravedad_api_m0)s, %(viscosidad_crudo_m0)s, %(presion_burbujeo_m0)s, %(presion_estatica_yacimiento_m0)s, %(presion_fondo_fluyente_critico_m0)s, %(viscosidad_superficie_m0)s, %(factor_volumetrico_m0)s, %(wc_critico_m0)s, %(llenado_bomba_minimo_m0)s, %(contenido_finos_m0)s, %(gravedad_especifica_agua_m0)s, %(q_esperado_m0)s, %(radio_equivalente_m0)s, %(longitud_horizontal_m0)s, %(factor_dano_m0)s, %(permeabilidad_vertical_m0)s, %(reserva_inicial_teorica_m0)s, %(fecha_registro_m0)s)]
[parameters: {'well_id_m0': 5, 'gravedad_api_m0': 42.0, 'viscosidad_crudo_m0': 0.76, 'presion_burbujeo_m0': 4010.0, 'presion_estatica_yacimiento_m0': 4010.0, 'presion_fondo_fluyente_critico_m0': 1000.0, 'viscosidad_superficie_m0': 2.0, 'factor_volumetrico_m0': 1.1294, 'wc_critico_m0': 0.8, 'llenado_bomba_minimo_m0': 0.8, 'contenido_finos_m0': 0.0, 'gravedad_especifica_agua_m0': 1.05, 'q_esperado_m0': 0.0, 'radio_equivalente_m0': 0.0, 'longitud_horizontal_m0': 0.0, 'factor_dano_m0': 0.0, 'permeabilidad_vertical_m0': 0.0, 'reserva_inicial_teorica_m0': 1250222.0, 'fecha_registro_m0': datetime.date(2026, 2, 19)}]
(Background on this error at: https://sqlalche.me/e/20/gkpj)

The above exception was the direct cause of the following exception:

Traceback (most recent call last):
  File "D:\ITMeet\Operaciones\BP010-data-pipelines-auditoria\ingest_real_telemetry.py", line 147, in <module>
    main()
  File "D:\ITMeet\Operaciones\BP010-data-pipelines-auditoria\ingest_real_telemetry.py", line 136, in main
    insertar_reservas_desde_excel()
  File "D:\ITMeet\Operaciones\BP010-data-pipelines-auditoria\ingest_real_telemetry.py", line 104, in insertar_reservas_desde_excel
    df_reservas.to_sql(
  File "D:\ITMeet\Operaciones\BP010-data-pipelines-auditoria\auditor\Lib\site-packages\pandas\core\generic.py", line 3052, in to_sql
    return sql.to_sql(
           ^^^^^^^^^^^
  File "D:\ITMeet\Operaciones\BP010-data-pipelines-auditoria\auditor\Lib\site-packages\pandas\io\sql.py", line 841, in to_sql
    return pandas_sql.to_sql(
           ^^^^^^^^^^^^^^^^^^
  File "D:\ITMeet\Operaciones\BP010-data-pipelines-auditoria\auditor\Lib\site-packages\pandas\io\sql.py", line 2037, in to_sql
    total_inserted = sql_engine.insert_records(
                     ^^^^^^^^^^^^^^^^^^^^^^^^^^
  File "D:\ITMeet\Operaciones\BP010-data-pipelines-auditoria\auditor\Lib\site-packages\pandas\io\sql.py", line 1571, in insert_records
    return table.insert(chunksize=chunksize, method=method)
           ^^^^^^^^^^^^^^^^^^^^^^^^^^^^^^^^^^^^^^^^^^^^^^^^
  File "D:\ITMeet\Operaciones\BP010-data-pipelines-auditoria\auditor\Lib\site-packages\pandas\io\sql.py", line 1122, in insert
    num_inserted = exec_insert(conn, keys, chunk_iter)
                   ^^^^^^^^^^^^^^^^^^^^^^^^^^^^^^^^^^^
  File "D:\ITMeet\Operaciones\BP010-data-pipelines-auditoria\auditor\Lib\site-packages\pandas\io\sql.py", line 1031, in _execute_insert_multi
    result = self.pd_sql.execute(stmt)
             ^^^^^^^^^^^^^^^^^^^^^^^^^
  File "D:\ITMeet\Operaciones\BP010-data-pipelines-auditoria\auditor\Lib\site-packages\pandas\io\sql.py", line 1681, in execute
    raise DatabaseError(f"Execution failed on sql '{sql}': {exc}") from exc
pandas.errors.DatabaseError: Execution failed on sql 'INSERT INTO stage.tbl_pozo_reservas (well_id, gravedad_api, viscosidad_crudo, presion_burbujeo, presion_estatica_yacimiento, presion_fondo_fluyente_critico, viscosidad_superficie, factor_volumetrico, wc_critico, llenado_bomba_minimo, contenido_finos, gravedad_especifica_agua, q_esperado, radio_equivalente, longitud_horizontal, factor_dano, permeabilidad_vertical, reserva_inicial_teorica, fecha_registro) VALUES (:well_id_m0, :gravedad_api_m0, :viscosidad_crudo_m0, :presion_burbujeo_m0, :presion_estatica_yacimiento_m0, :presion_fondo_fluyente_critico_m0, :viscosidad_superficie_m0, :factor_volumetrico_m0, :wc_critico_m0, :llenado_bomba_minimo_m0, :contenido_finos_m0, :gravedad_especifica_agua_m0, :q_esperado_m0, :radio_equivalente_m0, :longitud_horizontal_m0, :factor_dano_m0, :permeabilidad_vertical_m0, :reserva_inicial_teorica_m0, :fecha_registro_m0)': (psycopg2.errors.ForeignKeyViolation) insert or update on table "tbl_pozo_reservas" violates foreign key constraint "fk_pozo_reserva"
DETAIL:  Key (well_id)=(5) is not present in table "tbl_pozo_maestra".

[SQL: INSERT INTO stage.tbl_pozo_reservas (well_id, gravedad_api, viscosidad_crudo, presion_burbujeo, presion_estatica_yacimiento, presion_fondo_fluyente_critico, viscosidad_superficie, factor_volumetrico, wc_critico, llenado_bomba_minimo, contenido_finos, gravedad_especifica_agua, q_esperado, radio_equivalente, longitud_horizontal, factor_dano, permeabilidad_vertical, reserva_inicial_teorica, fecha_registro) VALUES (%(well_id_m0)s, %(gravedad_api_m0)s, %(viscosidad_crudo_m0)s, %(presion_burbujeo_m0)s, %(presion_estatica_yacimiento_m0)s, %(presion_fondo_fluyente_critico_m0)s, %(viscosidad_superficie_m0)s, %(factor_volumetrico_m0)s, %(wc_critico_m0)s, %(llenado_bomba_minimo_m0)s, %(contenido_finos_m0)s, %(gravedad_especifica_agua_m0)s, %(q_esperado_m0)s, %(radio_equivalente_m0)s, %(longitud_horizontal_m0)s, %(factor_dano_m0)s, %(permeabilidad_vertical_m0)s, %(reserva_inicial_teorica_m0)s, %(fecha_registro_m0)s)]
[parameters: {'well_id_m0': 5, 'gravedad_api_m0': 42.0, 'viscosidad_crudo_m0': 0.76, 'presion_burbujeo_m0': 4010.0, 'presion_estatica_yacimiento_m0': 4010.0, 'presion_fondo_fluyente_critico_m0': 1000.0, 'viscosidad_superficie_m0': 2.0, 'factor_volumetrico_m0': 1.1294, 'wc_critico_m0': 0.8, 'llenado_bomba_minimo_m0': 0.8, 'contenido_finos_m0': 0.0, 'gravedad_especifica_agua_m0': 1.05, 'q_esperado_m0': 0.0, 'radio_equivalente_m0': 0.0, 'longitud_horizontal_m0': 0.0, 'factor_dano_m0': 0.0, 'permeabilidad_vertical_m0': 0.0, 'reserva_inicial_teorica_m0': 1250222.0, 'fecha_registro_m0': datetime.date(2026, 2, 19)}]
(Background on this error at: https://sqlalche.me/e/20/gkpj)
============================================================
STARTING MASTER PIPELINE ORCHESTRATION
Python Executable: auditor\Scripts\python.exe
============================================================

>>> 1. Re-initializing Schemas (Full Reset)...
[OK] Init Schemas completed.

>>> 1.5 Loading Referencial Master (Variables, Rangos, Mapas SCADA)...
[OK] Referencial Master Loaded.

>>> 2. Ingesting Real Telemetry (SQL Dumps)...
Traceback (most recent call last):
  File "D:\ITMeet\Operaciones\BP010-data-pipelines-auditoria\MASTER_PIPELINE_RUNNER.py", line 195, in <module>
    run_pipeline()
  File "D:\ITMeet\Operaciones\BP010-data-pipelines-auditoria\MASTER_PIPELINE_RUNNER.py", line 131, in run_pipeline
    subprocess.run([PYTHON_EXE, "ingest_real_telemetry.py"], check=True)
  File "C:\Users\leopo\.pyenv\pyenv-win\versions\3.11.8\Lib\subprocess.py", line 571, in run
    raise CalledProcessError(retcode, process.args,
subprocess.CalledProcessError: Command '['auditor\\Scripts\\python.exe', 'ingest_real_telemetry.py']' returned non-zero exit status 1.
